Drill Listing
=============
Drill: .01181  Tool: 1  Feed: 95  Speed: 300
X 102584  Y 102584
X 112584  Y 102584
X 122584  Y 102584
X 102584  Y 112584
X 112584  Y 112584
X 102584  Y 122584
X 113188  Y 124409
X 116456  Y 129448
X 103307  Y 130196
X 123582  Y 130984
X 125669  Y 134566
X 115078  Y 140354
X 108858  Y 143031
X 102086  Y 147204
X 115078  Y 147322
X 109212  Y 149370
X 102204  Y 150551
X 111850  Y 151811
X 116889  Y 152204
X 103818  Y 155393
X 125669  Y 155905
X 103818  Y 160826
X 125669  Y 160826
X 102584  Y 172584
X 112584  Y 172584
X 102584  Y 182584
X 118622  Y 186771
X 123858  Y 191141
X 102584  Y 192584
X 142584  Y 192584
X 146496  Y 187992
X 128464  Y 186771
X 127952  Y 182952
X 142584  Y 182584
X 146220  Y 176299
X 132584  Y 172584
X 129173  Y 172086
X 139251  Y 171850
X 127401  Y 163543
X 146220  Y 158543
X 137755  Y 157913
X 130275  Y 155748
X 128425  Y 148858
X 128110  Y 145511
X 127322  Y 132913
X 144015  Y 125905
X 132584  Y 102584
X 162584  Y 102584
X 170000  Y 105039
X 162401  Y 112283
X 158188  Y 115629
X 165826  Y 115629
X 168582  Y 122047
X 157283  Y 138937
X 152584  Y 142584
X 159488  Y 143582
X 162519  Y 153503
X 153740  Y 160866
X 168700  Y 161377
X 162716  Y 161692
X 153385  Y 165826
X 167755  Y 166220
X 161535  Y 166811
X 154330  Y 170551
X 152086  Y 180669

Drill: .02362  Tool: 2  Feed: 197  Speed: 550
X 114960  Y 180866
X 130708  Y 180866
X 110236  Y 186771 X 110236  Y 192283
X 135433  Y 186771 X 135433  Y 192283

Drill: .0315  Tool: 3  Feed: 197  Speed: 550
X 117755  Y 114330
X 127755  Y 114330
X 137755  Y 114330
X 147755  Y 114330

Drill: .03937  Tool: 4  Feed: 197  Speed: 550
X 133976  Y 122401
X 141968  Y 122401
X 137972  Y 152401

End of Listing
