Drill Listing
=============
Drill: .01181  Tool: 1  Feed: 95  Speed: 300
X 109300  Y 107423
X 104300  Y 107423
X 114300  Y 107423
X 104300  Y 112423
X 119300  Y 112423
X 114300  Y 112423
X 109300  Y 112423
X 109300  Y 117423
X 104300  Y 117423
X 114300  Y 117423
X 107283  Y 122244
X 110275  Y 133425
X 105275  Y 140708
X 124291  Y 147322
X 124300  Y 152423
X 113622  Y 153700
X 116377  Y 155984
X 115354  Y 166889
X 109724  Y 168582
X 118818  Y 168700
X 102637  Y 173149
X 119251  Y 174409
X 109370  Y 175669
X 102598  Y 176377
X 117874  Y 177677
X 112598  Y 177952
X 126220  Y 182165
X 104409  Y 182283
X 104291  Y 187086
X 126220  Y 187165
X 136732  Y 195984
X 132913  Y 195748
X 130905  Y 192874
X 135551  Y 192755
X 132362  Y 188937
X 128897  Y 174606
X 132716  Y 172874
X 139300  Y 172423
X 136181  Y 162165
X 128385  Y 160984
X 133503  Y 158149
X 144300  Y 157423
X 133503  Y 150866
X 150551  Y 149409
X 145196  Y 146968
X 132047  Y 146811
X 142559  Y 143503
X 137519  Y 140708
X 142519  Y 133425
X 137440  Y 125787
X 151614  Y 110078
X 169300  Y 107423
X 164300  Y 107423
X 159300  Y 107423
X 169055  Y 121968
X 159300  Y 122423
X 157244  Y 138976
X 154300  Y 142423
X 156062  Y 151889
X 158740  Y 156181
X 169330  Y 161496
X 167913  Y 164685
X 162086  Y 165039
X 167952  Y 168582
X 162283  Y 175157

Drill: .02362  Tool: 2  Feed: 197  Speed: 550
X 147834  Y 184015
X 163582  Y 184015

Drill: .0315  Tool: 3  Feed: 197  Speed: 550
X 122440  Y 104133
X 132440  Y 104133
X 142440  Y 104133
X 152440  Y 104133

End of Listing
